{"/home/nico/Code/reactDemo/src/App.js": {"path":"/home/nico/Code/reactDemo/src/App.js","statementMap":{"0":{"start":{"line":8,"column":2},"end":{"line":15,"column":4}}},"fnMap":{"0":{"name":"App","decl":{"start":{"line":7,"column":9},"end":{"line":7,"column":12}},"loc":{"start":{"line":7,"column":15},"end":{"line":16,"column":1}},"line":7}},"branchMap":{},"s":{"0":1},"f":{"0":1},"b":{},"_coverageSchema":"1a1c01bbd47fc00a2c39e90264f33305004495a9","hash":"5f6d4c87d4b9a216d6c8ecf7580f6f4bfe1a2ff1"}
,"/home/nico/Code/reactDemo/src/index.js": {"path":"/home/nico/Code/reactDemo/src/index.js","statementMap":{"0":{"start":{"line":10,"column":15},"end":{"line":26,"column":2}},"1":{"start":{"line":28,"column":13},"end":{"line":28,"column":65}},"2":{"start":{"line":29,"column":0},"end":{"line":33,"column":2}}},"fnMap":{},"branchMap":{},"s":{"0":0,"1":0,"2":0},"f":{},"b":{}}
,"/home/nico/Code/reactDemo/src/reportWebVitals.js": {"path":"/home/nico/Code/reactDemo/src/reportWebVitals.js","statementMap":{"0":{"start":{"line":1,"column":24},"end":{"line":11,"column":1}},"1":{"start":{"line":2,"column":2},"end":{"line":10,"column":3}},"2":{"start":{"line":3,"column":4},"end":{"line":9,"column":7}},"3":{"start":{"line":4,"column":6},"end":{"line":4,"column":26}},"4":{"start":{"line":5,"column":6},"end":{"line":5,"column":26}},"5":{"start":{"line":6,"column":6},"end":{"line":6,"column":26}},"6":{"start":{"line":7,"column":6},"end":{"line":7,"column":26}},"7":{"start":{"line":8,"column":6},"end":{"line":8,"column":27}}},"fnMap":{"0":{"name":"(anonymous_0)","decl":{"start":{"line":1,"column":24},"end":{"line":1,"column":25}},"loc":{"start":{"line":1,"column":41},"end":{"line":11,"column":1}},"line":1},"1":{"name":"(anonymous_1)","decl":{"start":{"line":3,"column":30},"end":{"line":3,"column":31}},"loc":{"start":{"line":3,"column":77},"end":{"line":9,"column":5}},"line":3}},"branchMap":{"0":{"loc":{"start":{"line":2,"column":2},"end":{"line":10,"column":3}},"type":"if","locations":[{"start":{"line":2,"column":2},"end":{"line":10,"column":3}},{"start":{},"end":{}}],"line":2},"1":{"loc":{"start":{"line":2,"column":6},"end":{"line":2,"column":52}},"type":"binary-expr","locations":[{"start":{"line":2,"column":6},"end":{"line":2,"column":17}},{"start":{"line":2,"column":21},"end":{"line":2,"column":52}}],"line":2}},"s":{"0":0,"1":0,"2":0,"3":0,"4":0,"5":0,"6":0,"7":0},"f":{"0":0,"1":0},"b":{"0":[0,0],"1":[0,0]}}
,"/home/nico/Code/reactDemo/src/components/APOD.jsx": {"path":"/home/nico/Code/reactDemo/src/components/APOD.jsx","statementMap":{"0":{"start":{"line":8,"column":4},"end":{"line":8,"column":17}},"1":{"start":{"line":9,"column":4},"end":{"line":11,"column":6}},"2":{"start":{"line":17,"column":4},"end":{"line":23,"column":11}},"3":{"start":{"line":19,"column":10},"end":{"line":19,"column":47}},"4":{"start":{"line":22,"column":10},"end":{"line":22,"column":29}},"5":{"start":{"line":28,"column":19},"end":{"line":28,"column":29}},"6":{"start":{"line":31,"column":4},"end":{"line":39,"column":6}}},"fnMap":{"0":{"name":"(anonymous_0)","decl":{"start":{"line":7,"column":2},"end":{"line":7,"column":3}},"loc":{"start":{"line":7,"column":21},"end":{"line":12,"column":3}},"line":7},"1":{"name":"(anonymous_1)","decl":{"start":{"line":15,"column":2},"end":{"line":15,"column":3}},"loc":{"start":{"line":15,"column":22},"end":{"line":24,"column":3}},"line":15},"2":{"name":"(anonymous_2)","decl":{"start":{"line":18,"column":14},"end":{"line":18,"column":15}},"loc":{"start":{"line":18,"column":28},"end":{"line":20,"column":9}},"line":18},"3":{"name":"(anonymous_3)","decl":{"start":{"line":21,"column":15},"end":{"line":21,"column":16}},"loc":{"start":{"line":21,"column":31},"end":{"line":23,"column":9}},"line":21},"4":{"name":"(anonymous_4)","decl":{"start":{"line":27,"column":2},"end":{"line":27,"column":3}},"loc":{"start":{"line":27,"column":11},"end":{"line":40,"column":3}},"line":27}},"branchMap":{},"s":{"0":0,"1":0,"2":0,"3":0,"4":0,"5":0,"6":0},"f":{"0":0,"1":0,"2":0,"3":0,"4":0},"b":{}}
,"/home/nico/Code/reactDemo/src/components/ErrorNotFound.jsx": {"path":"/home/nico/Code/reactDemo/src/components/ErrorNotFound.jsx","statementMap":{"0":{"start":{"line":7,"column":16},"end":{"line":7,"column":31}},"1":{"start":{"line":8,"column":2},"end":{"line":8,"column":23}},"2":{"start":{"line":10,"column":2},"end":{"line":18,"column":4}}},"fnMap":{"0":{"name":"ErrorNotFound","decl":{"start":{"line":6,"column":9},"end":{"line":6,"column":22}},"loc":{"start":{"line":6,"column":25},"end":{"line":19,"column":1}},"line":6}},"branchMap":{"0":{"loc":{"start":{"line":15,"column":12},"end":{"line":15,"column":56}},"type":"binary-expr","locations":[{"start":{"line":15,"column":12},"end":{"line":15,"column":17}},{"start":{"line":15,"column":22},"end":{"line":15,"column":38}},{"start":{"line":15,"column":42},"end":{"line":15,"column":55}}],"line":15}},"s":{"0":5,"1":0,"2":0},"f":{"0":5},"b":{"0":[0,0,0]},"_coverageSchema":"1a1c01bbd47fc00a2c39e90264f33305004495a9","hash":"26270078ef7754509a398557a6c53436f3e4b81b"}
,"/home/nico/Code/reactDemo/src/components/Nav.jsx": {"path":"/home/nico/Code/reactDemo/src/components/Nav.jsx","statementMap":{"0":{"start":{"line":2,"column":12},"end":{"line":13,"column":1}},"1":{"start":{"line":4,"column":2},"end":{"line":12,"column":4}}},"fnMap":{"0":{"name":"(anonymous_0)","decl":{"start":{"line":2,"column":12},"end":{"line":2,"column":13}},"loc":{"start":{"line":2,"column":23},"end":{"line":13,"column":1}},"line":2}},"branchMap":{},"s":{"0":2,"1":2},"f":{"0":2},"b":{},"_coverageSchema":"1a1c01bbd47fc00a2c39e90264f33305004495a9","hash":"6b51a2b3b66de4f0fbacfd9a51fc66ce72394567"}
,"/home/nico/Code/reactDemo/src/components/Search.jsx": {"path":"/home/nico/Code/reactDemo/src/components/Search.jsx","statementMap":{"0":{"start":{"line":12,"column":40},"end":{"line":12,"column":52}},"1":{"start":{"line":13,"column":32},"end":{"line":13,"column":44}},"2":{"start":{"line":14,"column":34},"end":{"line":14,"column":46}},"3":{"start":{"line":18,"column":4},"end":{"line":18,"column":67}},"4":{"start":{"line":21,"column":23},"end":{"line":21,"column":59}},"5":{"start":{"line":25,"column":4},"end":{"line":25,"column":35}},"6":{"start":{"line":26,"column":4},"end":{"line":26,"column":28}},"7":{"start":{"line":30,"column":19},"end":{"line":30,"column":40}},"8":{"start":{"line":31,"column":4},"end":{"line":39,"column":11}},"9":{"start":{"line":34,"column":10},"end":{"line":34,"column":64}},"10":{"start":{"line":35,"column":10},"end":{"line":35,"column":39}},"11":{"start":{"line":38,"column":10},"end":{"line":38,"column":29}},"12":{"start":{"line":44,"column":29},"end":{"line":44,"column":50}},"13":{"start":{"line":45,"column":4},"end":{"line":55,"column":11}},"14":{"start":{"line":48,"column":10},"end":{"line":48,"column":43}},"15":{"start":{"line":49,"column":10},"end":{"line":49,"column":62}},"16":{"start":{"line":50,"column":10},"end":{"line":50,"column":32}},"17":{"start":{"line":54,"column":10},"end":{"line":54,"column":29}},"18":{"start":{"line":59,"column":2},"end":{"line":64,"column":16}},"19":{"start":{"line":60,"column":4},"end":{"line":60,"column":25}},"20":{"start":{"line":61,"column":4},"end":{"line":63,"column":5}},"21":{"start":{"line":62,"column":6},"end":{"line":62,"column":35}},"22":{"start":{"line":68,"column":2},"end":{"line":94,"column":4}}},"fnMap":{"0":{"name":"Search","decl":{"start":{"line":11,"column":9},"end":{"line":11,"column":15}},"loc":{"start":{"line":11,"column":18},"end":{"line":95,"column":1}},"line":11},"1":{"name":"handleSearchInputChange","decl":{"start":{"line":24,"column":11},"end":{"line":24,"column":34}},"loc":{"start":{"line":24,"column":38},"end":{"line":27,"column":3}},"line":24},"2":{"name":"submitSearch","decl":{"start":{"line":29,"column":11},"end":{"line":29,"column":23}},"loc":{"start":{"line":29,"column":26},"end":{"line":40,"column":3}},"line":29},"3":{"name":"(anonymous_3)","decl":{"start":{"line":33,"column":14},"end":{"line":33,"column":15}},"loc":{"start":{"line":33,"column":28},"end":{"line":36,"column":9}},"line":33},"4":{"name":"(anonymous_4)","decl":{"start":{"line":37,"column":15},"end":{"line":37,"column":16}},"loc":{"start":{"line":37,"column":31},"end":{"line":39,"column":9}},"line":37},"5":{"name":"getImageUrl","decl":{"start":{"line":43,"column":11},"end":{"line":43,"column":22}},"loc":{"start":{"line":43,"column":31},"end":{"line":56,"column":3}},"line":43},"6":{"name":"(anonymous_6)","decl":{"start":{"line":47,"column":14},"end":{"line":47,"column":15}},"loc":{"start":{"line":47,"column":28},"end":{"line":52,"column":9}},"line":47},"7":{"name":"(anonymous_7)","decl":{"start":{"line":53,"column":15},"end":{"line":53,"column":16}},"loc":{"start":{"line":53,"column":31},"end":{"line":55,"column":9}},"line":53},"8":{"name":"(anonymous_8)","decl":{"start":{"line":59,"column":12},"end":{"line":59,"column":13}},"loc":{"start":{"line":59,"column":18},"end":{"line":64,"column":3}},"line":59}},"branchMap":{"0":{"loc":{"start":{"line":61,"column":4},"end":{"line":63,"column":5}},"type":"if","locations":[{"start":{"line":61,"column":4},"end":{"line":63,"column":5}},{"start":{},"end":{}}],"line":61}},"s":{"0":0,"1":0,"2":0,"3":0,"4":0,"5":0,"6":0,"7":0,"8":0,"9":0,"10":0,"11":0,"12":0,"13":0,"14":0,"15":0,"16":0,"17":0,"18":0,"19":0,"20":0,"21":0,"22":0},"f":{"0":0,"1":0,"2":0,"3":0,"4":0,"5":0,"6":0,"7":0,"8":0},"b":{"0":[0,0]}}
}
