{"/home/nick/Documents/Code/reactDemo/src/App.js": {"path":"/home/nick/Documents/Code/reactDemo/src/App.js","statementMap":{"0":{"start":{"line":8,"column":2},"end":{"line":15,"column":4}}},"fnMap":{"0":{"name":"App","decl":{"start":{"line":7,"column":9},"end":{"line":7,"column":12}},"loc":{"start":{"line":7,"column":15},"end":{"line":16,"column":1}},"line":7}},"branchMap":{},"s":{"0":1},"f":{"0":1},"b":{},"_coverageSchema":"1a1c01bbd47fc00a2c39e90264f33305004495a9","hash":"325a0c497ded816cd4437966736c557a37252e4c"}
,"/home/nick/Documents/Code/reactDemo/src/index.js": {"path":"/home/nick/Documents/Code/reactDemo/src/index.js","statementMap":{"0":{"start":{"line":10,"column":15},"end":{"line":26,"column":2}},"1":{"start":{"line":28,"column":13},"end":{"line":28,"column":65}},"2":{"start":{"line":29,"column":0},"end":{"line":33,"column":2}}},"fnMap":{},"branchMap":{},"s":{"0":0,"1":0,"2":0},"f":{},"b":{}}
,"/home/nick/Documents/Code/reactDemo/src/reportWebVitals.js": {"path":"/home/nick/Documents/Code/reactDemo/src/reportWebVitals.js","statementMap":{"0":{"start":{"line":1,"column":24},"end":{"line":11,"column":1}},"1":{"start":{"line":2,"column":2},"end":{"line":10,"column":3}},"2":{"start":{"line":3,"column":4},"end":{"line":9,"column":7}},"3":{"start":{"line":4,"column":6},"end":{"line":4,"column":26}},"4":{"start":{"line":5,"column":6},"end":{"line":5,"column":26}},"5":{"start":{"line":6,"column":6},"end":{"line":6,"column":26}},"6":{"start":{"line":7,"column":6},"end":{"line":7,"column":26}},"7":{"start":{"line":8,"column":6},"end":{"line":8,"column":27}}},"fnMap":{"0":{"name":"(anonymous_0)","decl":{"start":{"line":1,"column":24},"end":{"line":1,"column":25}},"loc":{"start":{"line":1,"column":41},"end":{"line":11,"column":1}},"line":1},"1":{"name":"(anonymous_1)","decl":{"start":{"line":3,"column":30},"end":{"line":3,"column":31}},"loc":{"start":{"line":3,"column":77},"end":{"line":9,"column":5}},"line":3}},"branchMap":{"0":{"loc":{"start":{"line":2,"column":2},"end":{"line":10,"column":3}},"type":"if","locations":[{"start":{"line":2,"column":2},"end":{"line":10,"column":3}},{"start":{},"end":{}}],"line":2},"1":{"loc":{"start":{"line":2,"column":6},"end":{"line":2,"column":52}},"type":"binary-expr","locations":[{"start":{"line":2,"column":6},"end":{"line":2,"column":17}},{"start":{"line":2,"column":21},"end":{"line":2,"column":52}}],"line":2}},"s":{"0":0,"1":0,"2":0,"3":0,"4":0,"5":0,"6":0,"7":0},"f":{"0":0,"1":0},"b":{"0":[0,0],"1":[0,0]}}
,"/home/nick/Documents/Code/reactDemo/src/components/APOD.jsx": {"path":"/home/nick/Documents/Code/reactDemo/src/components/APOD.jsx","statementMap":{"0":{"start":{"line":8,"column":26},"end":{"line":8,"column":38}},"1":{"start":{"line":11,"column":2},"end":{"line":19,"column":9}},"2":{"start":{"line":12,"column":4},"end":{"line":18,"column":11}},"3":{"start":{"line":14,"column":10},"end":{"line":14,"column":33}},"4":{"start":{"line":17,"column":10},"end":{"line":17,"column":29}},"5":{"start":{"line":21,"column":2},"end":{"line":30,"column":4}}},"fnMap":{"0":{"name":"APOD","decl":{"start":{"line":6,"column":9},"end":{"line":6,"column":13}},"loc":{"start":{"line":6,"column":16},"end":{"line":31,"column":1}},"line":6},"1":{"name":"(anonymous_1)","decl":{"start":{"line":11,"column":12},"end":{"line":11,"column":13}},"loc":{"start":{"line":11,"column":18},"end":{"line":19,"column":3}},"line":11},"2":{"name":"(anonymous_2)","decl":{"start":{"line":13,"column":14},"end":{"line":13,"column":15}},"loc":{"start":{"line":13,"column":28},"end":{"line":15,"column":9}},"line":13},"3":{"name":"(anonymous_3)","decl":{"start":{"line":16,"column":15},"end":{"line":16,"column":16}},"loc":{"start":{"line":16,"column":31},"end":{"line":18,"column":9}},"line":16}},"branchMap":{},"s":{"0":4,"1":2,"2":2,"3":1,"4":1,"5":2},"f":{"0":4,"1":2,"2":1,"3":1},"b":{},"_coverageSchema":"1a1c01bbd47fc00a2c39e90264f33305004495a9","hash":"3802f1370f13911880266371fb131eeec2d7dd08"}
,"/home/nick/Documents/Code/reactDemo/src/components/ErrorNotFound.jsx": {"path":"/home/nick/Documents/Code/reactDemo/src/components/ErrorNotFound.jsx","statementMap":{"0":{"start":{"line":7,"column":16},"end":{"line":7,"column":31}},"1":{"start":{"line":8,"column":2},"end":{"line":16,"column":4}}},"fnMap":{"0":{"name":"ErrorNotFound","decl":{"start":{"line":6,"column":9},"end":{"line":6,"column":22}},"loc":{"start":{"line":6,"column":25},"end":{"line":17,"column":1}},"line":6}},"branchMap":{"0":{"loc":{"start":{"line":13,"column":12},"end":{"line":13,"column":56}},"type":"binary-expr","locations":[{"start":{"line":13,"column":12},"end":{"line":13,"column":17}},{"start":{"line":13,"column":22},"end":{"line":13,"column":38}},{"start":{"line":13,"column":42},"end":{"line":13,"column":55}}],"line":13}},"s":{"0":4,"1":4},"f":{"0":4},"b":{"0":[4,1,1]},"_coverageSchema":"1a1c01bbd47fc00a2c39e90264f33305004495a9","hash":"bed07f509c1b610670416f9e4d0fc3daf24a6780"}
,"/home/nick/Documents/Code/reactDemo/src/components/Nav.jsx": {"path":"/home/nick/Documents/Code/reactDemo/src/components/Nav.jsx","statementMap":{"0":{"start":{"line":2,"column":12},"end":{"line":13,"column":1}},"1":{"start":{"line":4,"column":2},"end":{"line":12,"column":4}}},"fnMap":{"0":{"name":"(anonymous_0)","decl":{"start":{"line":2,"column":12},"end":{"line":2,"column":13}},"loc":{"start":{"line":2,"column":23},"end":{"line":13,"column":1}},"line":2}},"branchMap":{},"s":{"0":2,"1":2},"f":{"0":2},"b":{},"_coverageSchema":"1a1c01bbd47fc00a2c39e90264f33305004495a9","hash":"b9367472b86ae7d00d2dbaf5db793f94946bb04f"}
,"/home/nick/Documents/Code/reactDemo/src/components/Search.jsx": {"path":"/home/nick/Documents/Code/reactDemo/src/components/Search.jsx","statementMap":{"0":{"start":{"line":12,"column":40},"end":{"line":12,"column":52}},"1":{"start":{"line":13,"column":32},"end":{"line":13,"column":44}},"2":{"start":{"line":14,"column":34},"end":{"line":14,"column":46}},"3":{"start":{"line":18,"column":4},"end":{"line":18,"column":67}},"4":{"start":{"line":21,"column":23},"end":{"line":21,"column":59}},"5":{"start":{"line":25,"column":4},"end":{"line":25,"column":35}},"6":{"start":{"line":26,"column":4},"end":{"line":26,"column":28}},"7":{"start":{"line":30,"column":19},"end":{"line":30,"column":40}},"8":{"start":{"line":31,"column":4},"end":{"line":39,"column":11}},"9":{"start":{"line":34,"column":10},"end":{"line":34,"column":64}},"10":{"start":{"line":35,"column":10},"end":{"line":35,"column":39}},"11":{"start":{"line":38,"column":10},"end":{"line":38,"column":29}},"12":{"start":{"line":44,"column":29},"end":{"line":44,"column":50}},"13":{"start":{"line":45,"column":4},"end":{"line":52,"column":11}},"14":{"start":{"line":48,"column":10},"end":{"line":48,"column":62}},"15":{"start":{"line":51,"column":10},"end":{"line":51,"column":29}},"16":{"start":{"line":56,"column":2},"end":{"line":60,"column":16}},"17":{"start":{"line":57,"column":4},"end":{"line":59,"column":5}},"18":{"start":{"line":58,"column":6},"end":{"line":58,"column":35}},"19":{"start":{"line":64,"column":2},"end":{"line":90,"column":4}}},"fnMap":{"0":{"name":"Search","decl":{"start":{"line":11,"column":9},"end":{"line":11,"column":15}},"loc":{"start":{"line":11,"column":18},"end":{"line":91,"column":1}},"line":11},"1":{"name":"handleSearchInputChange","decl":{"start":{"line":24,"column":11},"end":{"line":24,"column":34}},"loc":{"start":{"line":24,"column":38},"end":{"line":27,"column":3}},"line":24},"2":{"name":"submitSearch","decl":{"start":{"line":29,"column":11},"end":{"line":29,"column":23}},"loc":{"start":{"line":29,"column":26},"end":{"line":40,"column":3}},"line":29},"3":{"name":"(anonymous_3)","decl":{"start":{"line":33,"column":14},"end":{"line":33,"column":15}},"loc":{"start":{"line":33,"column":28},"end":{"line":36,"column":9}},"line":33},"4":{"name":"(anonymous_4)","decl":{"start":{"line":37,"column":15},"end":{"line":37,"column":16}},"loc":{"start":{"line":37,"column":31},"end":{"line":39,"column":9}},"line":37},"5":{"name":"getImageUrl","decl":{"start":{"line":43,"column":11},"end":{"line":43,"column":22}},"loc":{"start":{"line":43,"column":31},"end":{"line":53,"column":3}},"line":43},"6":{"name":"(anonymous_6)","decl":{"start":{"line":47,"column":14},"end":{"line":47,"column":15}},"loc":{"start":{"line":47,"column":28},"end":{"line":49,"column":9}},"line":47},"7":{"name":"(anonymous_7)","decl":{"start":{"line":50,"column":15},"end":{"line":50,"column":16}},"loc":{"start":{"line":50,"column":31},"end":{"line":52,"column":9}},"line":50},"8":{"name":"(anonymous_8)","decl":{"start":{"line":56,"column":12},"end":{"line":56,"column":13}},"loc":{"start":{"line":56,"column":18},"end":{"line":60,"column":3}},"line":56}},"branchMap":{"0":{"loc":{"start":{"line":57,"column":4},"end":{"line":59,"column":5}},"type":"if","locations":[{"start":{"line":57,"column":4},"end":{"line":59,"column":5}},{"start":{},"end":{}}],"line":57}},"s":{"0":6,"1":6,"2":6,"3":6,"4":6,"5":2,"6":2,"7":2,"8":2,"9":0,"10":0,"11":0,"12":0,"13":0,"14":0,"15":0,"16":6,"17":4,"18":0,"19":6},"f":{"0":6,"1":2,"2":2,"3":0,"4":0,"5":0,"6":0,"7":0,"8":4},"b":{"0":[0,4]},"_coverageSchema":"1a1c01bbd47fc00a2c39e90264f33305004495a9","hash":"c48ab506e2c97954e64c65f6e95861aa375cb389"}
}
