TN:
SF:src/App.js
FN:7,App
FNF:1
FNH:1
FNDA:1,App
DA:8,1
LF:1
LH:1
BRF:0
BRH:0
end_of_record
TN:
SF:src/index.js
FNF:0
FNH:0
DA:10,0
DA:28,0
DA:29,0
LF:3
LH:0
BRF:0
BRH:0
end_of_record
TN:
SF:src/reportWebVitals.js
FN:1,(anonymous_0)
FN:3,(anonymous_1)
FNF:2
FNH:0
FNDA:0,(anonymous_0)
FNDA:0,(anonymous_1)
DA:1,0
DA:2,0
DA:3,0
DA:4,0
DA:5,0
DA:6,0
DA:7,0
DA:8,0
LF:8
LH:0
BRDA:2,0,0,0
BRDA:2,0,1,0
BRDA:2,1,0,0
BRDA:2,1,1,0
BRF:4
BRH:0
end_of_record
TN:
SF:src/components/APOD.jsx
FN:6,APOD
FN:11,(anonymous_1)
FN:13,(anonymous_2)
FN:16,(anonymous_3)
FNF:4
FNH:4
FNDA:4,APOD
FNDA:2,(anonymous_1)
FNDA:1,(anonymous_2)
FNDA:1,(anonymous_3)
DA:8,4
DA:11,2
DA:12,2
DA:14,1
DA:17,1
DA:21,2
LF:6
LH:6
BRF:0
BRH:0
end_of_record
TN:
SF:src/components/ErrorNotFound.jsx
FN:6,ErrorNotFound
FNF:1
FNH:1
FNDA:4,ErrorNotFound
DA:7,4
DA:8,4
LF:2
LH:2
BRDA:13,0,0,4
BRDA:13,0,1,1
BRDA:13,0,2,1
BRF:3
BRH:3
end_of_record
TN:
SF:src/components/Nav.jsx
FN:2,(anonymous_0)
FNF:1
FNH:1
FNDA:2,(anonymous_0)
DA:2,2
DA:4,2
LF:2
LH:2
BRF:0
BRH:0
end_of_record
TN:
SF:src/components/Search.jsx
FN:11,Search
FN:24,handleSearchInputChange
FN:29,submitSearch
FN:33,(anonymous_3)
FN:37,(anonymous_4)
FN:43,getImageUrl
FN:47,(anonymous_6)
FN:50,(anonymous_7)
FN:56,(anonymous_8)
FNF:9
FNH:4
FNDA:8,Search
FNDA:3,handleSearchInputChange
FNDA:3,submitSearch
FNDA:0,(anonymous_3)
FNDA:0,(anonymous_4)
FNDA:0,getImageUrl
FNDA:0,(anonymous_6)
FNDA:0,(anonymous_7)
FNDA:5,(anonymous_8)
DA:12,8
DA:13,8
DA:14,8
DA:18,8
DA:21,8
DA:25,3
DA:26,3
DA:30,3
DA:31,3
DA:34,0
DA:35,0
DA:38,0
DA:44,0
DA:45,0
DA:48,0
DA:51,0
DA:56,8
DA:57,5
DA:58,0
DA:64,8
LF:20
LH:12
BRDA:57,0,0,0
BRDA:57,0,1,5
BRF:2
BRH:1
end_of_record
