TN:
SF:src/App.js
FN:7,App
FNF:1
FNH:1
FNDA:1,App
DA:8,1
LF:1
LH:1
BRF:0
BRH:0
end_of_record
TN:
SF:src/index.js
FNF:0
FNH:0
DA:10,0
DA:28,0
DA:29,0
LF:3
LH:0
BRF:0
BRH:0
end_of_record
TN:
SF:src/components/APOD.jsx
FN:7,(anonymous_0)
FN:15,(anonymous_1)
FN:18,(anonymous_2)
FN:21,(anonymous_3)
FN:27,(anonymous_4)
FNF:5
FNH:0
FNDA:0,(anonymous_0)
FNDA:0,(anonymous_1)
FNDA:0,(anonymous_2)
FNDA:0,(anonymous_3)
FNDA:0,(anonymous_4)
DA:8,0
DA:9,0
DA:17,0
DA:19,0
DA:22,0
DA:28,0
DA:31,0
LF:7
LH:0
BRF:0
BRH:0
end_of_record
TN:
SF:src/components/ErrorNotFound.jsx
FN:3,ErrorNotFound
FNF:1
FNH:0
FNDA:0,ErrorNotFound
DA:4,0
DA:5,0
DA:7,0
LF:3
LH:0
BRDA:12,0,0,0
BRDA:12,0,1,0
BRDA:12,0,2,0
BRF:3
BRH:0
end_of_record
TN:
SF:src/components/ImageSearchPage.jsx
FN:4,ImageSearchPage
FNF:1
FNH:0
FNDA:0,ImageSearchPage
DA:5,0
LF:1
LH:0
BRF:0
BRH:0
end_of_record
TN:
SF:src/components/IndexRoute.jsx
FN:1,IndexRoute
FNF:1
FNH:0
FNDA:0,IndexRoute
DA:2,0
LF:1
LH:0
BRF:0
BRH:0
end_of_record
TN:
SF:src/components/Nav.js
FN:2,(anonymous_0)
FNF:1
FNH:1
FNDA:2,(anonymous_0)
DA:2,2
DA:4,2
LF:2
LH:2
BRF:0
BRH:0
end_of_record
TN:
SF:src/components/Nav.jsx
FN:2,(anonymous_0)
FNF:1
FNH:0
FNDA:0,(anonymous_0)
DA:2,0
DA:4,0
LF:2
LH:0
BRF:0
BRH:0
end_of_record
TN:
SF:src/components/Search.jsx
FN:11,Search
FN:24,handleSearchInputChange
FN:29,submitSearch
FN:33,(anonymous_3)
FN:39,(anonymous_4)
FN:45,getImageUrl
FN:49,(anonymous_6)
FN:55,(anonymous_7)
FN:61,(anonymous_8)
FNF:9
FNH:2
FNDA:3,Search
FNDA:0,handleSearchInputChange
FNDA:0,submitSearch
FNDA:0,(anonymous_3)
FNDA:0,(anonymous_4)
FNDA:0,getImageUrl
FNDA:0,(anonymous_6)
FNDA:0,(anonymous_7)
FNDA:3,(anonymous_8)
DA:12,3
DA:13,3
DA:14,3
DA:18,3
DA:21,3
DA:25,0
DA:26,0
DA:30,0
DA:31,0
DA:34,0
DA:35,0
DA:36,0
DA:37,0
DA:40,0
DA:46,0
DA:47,0
DA:50,0
DA:51,0
DA:52,0
DA:56,0
DA:61,3
DA:62,3
DA:63,3
DA:64,0
DA:70,3
LF:25
LH:9
BRDA:63,0,0,0
BRDA:63,0,1,3
BRF:2
BRH:1
end_of_record
